The system is: Linux - 5.15.0-46-generic - x86_64
Compiling the C compiler identification source file "CMakeCCompilerId.c" succeeded.
Compiler: /home/bald/embedded/toolchain/gcc-arm-11.2-2022.02-x86_64-arm-none-eabi/bin/arm-none-eabi-gcc 
Build flags: 
Id flags: -c 

The output was:
0


Compilation of the C compiler identification source "CMakeCCompilerId.c" produced "CMakeCCompilerId.o"

The C compiler identification is GNU, found in "/home/bald/embedded/stm32f103-freertos/build/CMakeFiles/3.24.1/CompilerIdC/CMakeCCompilerId.o"

Compiling the CXX compiler identification source file "CMakeCXXCompilerId.cpp" succeeded.
Compiler: /home/bald/embedded/toolchain/gcc-arm-11.2-2022.02-x86_64-arm-none-eabi/bin/arm-none-eabi-g++ 
Build flags: 
Id flags: -c 

The output was:
0


Compilation of the CXX compiler identification source "CMakeCXXCompilerId.cpp" produced "CMakeCXXCompilerId.o"

The CXX compiler identification is GNU, found in "/home/bald/embedded/stm32f103-freertos/build/CMakeFiles/3.24.1/CompilerIdCXX/CMakeCXXCompilerId.o"

Detecting C compiler ABI info compiled with the following output:
Change Dir: /home/bald/embedded/stm32f103-freertos/build/CMakeFiles/CMakeTmp

Run Build Command(s):/usr/bin/make -f Makefile cmTC_52b91/fast && /usr/bin/make  -f CMakeFiles/cmTC_52b91.dir/build.make CMakeFiles/cmTC_52b91.dir/build
make[1]: Entering directory '/home/bald/embedded/stm32f103-freertos/build/CMakeFiles/CMakeTmp'
Building C object CMakeFiles/cmTC_52b91.dir/CMakeCCompilerABI.c.o
/home/bald/embedded/toolchain/gcc-arm-11.2-2022.02-x86_64-arm-none-eabi/bin/arm-none-eabi-gcc   -v -o CMakeFiles/cmTC_52b91.dir/CMakeCCompilerABI.c.o -c /usr/share/cmake-3.24/Modules/CMakeCCompilerABI.c
Using built-in specs.
COLLECT_GCC=/home/bald/embedded/toolchain/gcc-arm-11.2-2022.02-x86_64-arm-none-eabi/bin/arm-none-eabi-gcc
Target: arm-none-eabi
Configured with: /data/jenkins/workspace/GNU-toolchain/arm-11/src/gcc/configure --target=arm-none-eabi --prefix=/data/jenkins/workspace/GNU-toolchain/arm-11/build-arm-none-eabi/install// --with-gmp=/data/jenkins/workspace/GNU-toolchain/arm-11/build-arm-none-eabi/host-tools --with-mpfr=/data/jenkins/workspace/GNU-toolchain/arm-11/build-arm-none-eabi/host-tools --with-mpc=/data/jenkins/workspace/GNU-toolchain/arm-11/build-arm-none-eabi/host-tools --with-isl=/data/jenkins/workspace/GNU-toolchain/arm-11/build-arm-none-eabi/host-tools --disable-shared --disable-nls --disable-threads --disable-tls --enable-checking=release --enable-languages=c,c++,fortran --with-newlib --with-multilib-list=aprofile,rmprofile --with-pkgversion='GNU Toolchain for the Arm Architecture 11.2-2022.02 (arm-11.14)' --with-bugurl=https://bugs.linaro.org/
Thread model: single
Supported LTO compression algorithms: zlib
gcc version 11.2.1 20220111 (GNU Toolchain for the Arm Architecture 11.2-2022.02 (arm-11.14)) 
COLLECT_GCC_OPTIONS='-v' '-o' 'CMakeFiles/cmTC_52b91.dir/CMakeCCompilerABI.c.o' '-c' '-mcpu=arm7tdmi' '-mfloat-abi=soft' '-marm' '-mlibarch=armv4t' '-march=armv4t' '-dumpdir' 'CMakeFiles/cmTC_52b91.dir/'
 /home/bald/embedded/toolchain/gcc-arm-11.2-2022.02-x86_64-arm-none-eabi/bin/../libexec/gcc/arm-none-eabi/11.2.1/cc1 -quiet -v -iprefix /home/bald/embedded/toolchain/gcc-arm-11.2-2022.02-x86_64-arm-none-eabi/bin/../lib/gcc/arm-none-eabi/11.2.1/ -D__USES_INITFINI__ /usr/share/cmake-3.24/Modules/CMakeCCompilerABI.c -quiet -dumpdir CMakeFiles/cmTC_52b91.dir/ -dumpbase CMakeCCompilerABI.c.c -dumpbase-ext .c -mcpu=arm7tdmi -mfloat-abi=soft -marm -mlibarch=armv4t -march=armv4t -version -o /tmp/ccUq0szp.s
GNU C17 (GNU Toolchain for the Arm Architecture 11.2-2022.02 (arm-11.14)) version 11.2.1 20220111 (arm-none-eabi)
	compiled by GNU C version 4.8.5 20150623 (Red Hat 4.8.5-44), GMP version 6.2.1, MPFR version 3.1.6, MPC version 1.0.3, isl version isl-0.15-1-g835ea3a-GMP

GGC heuristics: --param ggc-min-expand=100 --param ggc-min-heapsize=131072
ignoring nonexistent directory "/home/bald/embedded/toolchain/gcc-arm-11.2-2022.02-x86_64-arm-none-eabi/bin/../lib/gcc/arm-none-eabi/11.2.1/../../../../arm-none-eabi/sys-include"
ignoring duplicate directory "/home/bald/embedded/toolchain/gcc-arm-11.2-2022.02-x86_64-arm-none-eabi/bin/../lib/gcc/../../lib/gcc/arm-none-eabi/11.2.1/include"
ignoring duplicate directory "/home/bald/embedded/toolchain/gcc-arm-11.2-2022.02-x86_64-arm-none-eabi/bin/../lib/gcc/../../lib/gcc/arm-none-eabi/11.2.1/include-fixed"
ignoring nonexistent directory "/home/bald/embedded/toolchain/gcc-arm-11.2-2022.02-x86_64-arm-none-eabi/bin/../lib/gcc/../../lib/gcc/arm-none-eabi/11.2.1/../../../../arm-none-eabi/sys-include"
ignoring duplicate directory "/home/bald/embedded/toolchain/gcc-arm-11.2-2022.02-x86_64-arm-none-eabi/bin/../lib/gcc/../../lib/gcc/arm-none-eabi/11.2.1/../../../../arm-none-eabi/include"
#include "..." search starts here:
#include <...> search starts here:
 /home/bald/embedded/toolchain/gcc-arm-11.2-2022.02-x86_64-arm-none-eabi/bin/../lib/gcc/arm-none-eabi/11.2.1/include
 /home/bald/embedded/toolchain/gcc-arm-11.2-2022.02-x86_64-arm-none-eabi/bin/../lib/gcc/arm-none-eabi/11.2.1/include-fixed
 /home/bald/embedded/toolchain/gcc-arm-11.2-2022.02-x86_64-arm-none-eabi/bin/../lib/gcc/arm-none-eabi/11.2.1/../../../../arm-none-eabi/include
End of search list.
GNU C17 (GNU Toolchain for the Arm Architecture 11.2-2022.02 (arm-11.14)) version 11.2.1 20220111 (arm-none-eabi)
	compiled by GNU C version 4.8.5 20150623 (Red Hat 4.8.5-44), GMP version 6.2.1, MPFR version 3.1.6, MPC version 1.0.3, isl version isl-0.15-1-g835ea3a-GMP

GGC heuristics: --param ggc-min-expand=100 --param ggc-min-heapsize=131072
Compiler executable checksum: bbcc971fe1d982fd7c3c6bbfd8b1bd3d
COLLECT_GCC_OPTIONS='-v' '-o' 'CMakeFiles/cmTC_52b91.dir/CMakeCCompilerABI.c.o' '-c' '-mcpu=arm7tdmi' '-mfloat-abi=soft' '-marm' '-mlibarch=armv4t' '-march=armv4t' '-dumpdir' 'CMakeFiles/cmTC_52b91.dir/'
 /home/bald/embedded/toolchain/gcc-arm-11.2-2022.02-x86_64-arm-none-eabi/bin/../lib/gcc/arm-none-eabi/11.2.1/../../../../arm-none-eabi/bin/as -march=armv4t -mfloat-abi=soft -meabi=5 -o CMakeFiles/cmTC_52b91.dir/CMakeCCompilerABI.c.o /tmp/ccUq0szp.s
COMPILER_PATH=/home/bald/embedded/toolchain/gcc-arm-11.2-2022.02-x86_64-arm-none-eabi/bin/../libexec/gcc/arm-none-eabi/11.2.1/:/home/bald/embedded/toolchain/gcc-arm-11.2-2022.02-x86_64-arm-none-eabi/bin/../libexec/gcc/:/home/bald/embedded/toolchain/gcc-arm-11.2-2022.02-x86_64-arm-none-eabi/bin/../lib/gcc/arm-none-eabi/11.2.1/../../../../arm-none-eabi/bin/
LIBRARY_PATH=/home/bald/embedded/toolchain/gcc-arm-11.2-2022.02-x86_64-arm-none-eabi/bin/../lib/gcc/arm-none-eabi/11.2.1/:/home/bald/embedded/toolchain/gcc-arm-11.2-2022.02-x86_64-arm-none-eabi/bin/../lib/gcc/:/home/bald/embedded/toolchain/gcc-arm-11.2-2022.02-x86_64-arm-none-eabi/bin/../lib/gcc/arm-none-eabi/11.2.1/../../../../arm-none-eabi/lib/
COLLECT_GCC_OPTIONS='-v' '-o' 'CMakeFiles/cmTC_52b91.dir/CMakeCCompilerABI.c.o' '-c' '-mcpu=arm7tdmi' '-mfloat-abi=soft' '-marm' '-mlibarch=armv4t' '-march=armv4t' '-dumpdir' 'CMakeFiles/cmTC_52b91.dir/CMakeCCompilerABI.c.'
Linking C static library libcmTC_52b91.a
/usr/bin/cmake -P CMakeFiles/cmTC_52b91.dir/cmake_clean_target.cmake
/usr/bin/cmake -E cmake_link_script CMakeFiles/cmTC_52b91.dir/link.txt --verbose=1
/home/bald/embedded/toolchain/gcc-arm-11.2-2022.02-x86_64-arm-none-eabi/bin/arm-none-eabi-ar qc libcmTC_52b91.a CMakeFiles/cmTC_52b91.dir/CMakeCCompilerABI.c.o
/home/bald/embedded/toolchain/gcc-arm-11.2-2022.02-x86_64-arm-none-eabi/bin/arm-none-eabi-ranlib libcmTC_52b91.a
make[1]: Leaving directory '/home/bald/embedded/stm32f103-freertos/build/CMakeFiles/CMakeTmp'



Parsed C implicit include dir info from above output: rv=done
  found start of include info
  found start of implicit include info
    add: [/home/bald/embedded/toolchain/gcc-arm-11.2-2022.02-x86_64-arm-none-eabi/bin/../lib/gcc/arm-none-eabi/11.2.1/include]
    add: [/home/bald/embedded/toolchain/gcc-arm-11.2-2022.02-x86_64-arm-none-eabi/bin/../lib/gcc/arm-none-eabi/11.2.1/include-fixed]
    add: [/home/bald/embedded/toolchain/gcc-arm-11.2-2022.02-x86_64-arm-none-eabi/bin/../lib/gcc/arm-none-eabi/11.2.1/../../../../arm-none-eabi/include]
  end of search list found
  collapse include dir [/home/bald/embedded/toolchain/gcc-arm-11.2-2022.02-x86_64-arm-none-eabi/bin/../lib/gcc/arm-none-eabi/11.2.1/include] ==> [/home/bald/embedded/toolchain/gcc-arm-11.2-2022.02-x86_64-arm-none-eabi/lib/gcc/arm-none-eabi/11.2.1/include]
  collapse include dir [/home/bald/embedded/toolchain/gcc-arm-11.2-2022.02-x86_64-arm-none-eabi/bin/../lib/gcc/arm-none-eabi/11.2.1/include-fixed] ==> [/home/bald/embedded/toolchain/gcc-arm-11.2-2022.02-x86_64-arm-none-eabi/lib/gcc/arm-none-eabi/11.2.1/include-fixed]
  collapse include dir [/home/bald/embedded/toolchain/gcc-arm-11.2-2022.02-x86_64-arm-none-eabi/bin/../lib/gcc/arm-none-eabi/11.2.1/../../../../arm-none-eabi/include] ==> [/home/bald/embedded/toolchain/gcc-arm-11.2-2022.02-x86_64-arm-none-eabi/arm-none-eabi/include]
  implicit include dirs: [/home/bald/embedded/toolchain/gcc-arm-11.2-2022.02-x86_64-arm-none-eabi/lib/gcc/arm-none-eabi/11.2.1/include;/home/bald/embedded/toolchain/gcc-arm-11.2-2022.02-x86_64-arm-none-eabi/lib/gcc/arm-none-eabi/11.2.1/include-fixed;/home/bald/embedded/toolchain/gcc-arm-11.2-2022.02-x86_64-arm-none-eabi/arm-none-eabi/include]


Parsed C implicit link information from above output:
  link line regex: [^( *|.*[/\])(arm-none-eabi-ld|CMAKE_LINK_STARTFILE-NOTFOUND|([^/\]+-)?ld|collect2)[^/\]*( |$)]
  ignore line: [Change Dir: /home/bald/embedded/stm32f103-freertos/build/CMakeFiles/CMakeTmp]
  ignore line: []
  ignore line: [Run Build Command(s):/usr/bin/make -f Makefile cmTC_52b91/fast && /usr/bin/make  -f CMakeFiles/cmTC_52b91.dir/build.make CMakeFiles/cmTC_52b91.dir/build]
  ignore line: [make[1]: Entering directory '/home/bald/embedded/stm32f103-freertos/build/CMakeFiles/CMakeTmp']
  ignore line: [Building C object CMakeFiles/cmTC_52b91.dir/CMakeCCompilerABI.c.o]
  ignore line: [/home/bald/embedded/toolchain/gcc-arm-11.2-2022.02-x86_64-arm-none-eabi/bin/arm-none-eabi-gcc   -v -o CMakeFiles/cmTC_52b91.dir/CMakeCCompilerABI.c.o -c /usr/share/cmake-3.24/Modules/CMakeCCompilerABI.c]
  ignore line: [Using built-in specs.]
  ignore line: [COLLECT_GCC=/home/bald/embedded/toolchain/gcc-arm-11.2-2022.02-x86_64-arm-none-eabi/bin/arm-none-eabi-gcc]
  ignore line: [Target: arm-none-eabi]
  ignore line: [Configured with: /data/jenkins/workspace/GNU-toolchain/arm-11/src/gcc/configure --target=arm-none-eabi --prefix=/data/jenkins/workspace/GNU-toolchain/arm-11/build-arm-none-eabi/install// --with-gmp=/data/jenkins/workspace/GNU-toolchain/arm-11/build-arm-none-eabi/host-tools --with-mpfr=/data/jenkins/workspace/GNU-toolchain/arm-11/build-arm-none-eabi/host-tools --with-mpc=/data/jenkins/workspace/GNU-toolchain/arm-11/build-arm-none-eabi/host-tools --with-isl=/data/jenkins/workspace/GNU-toolchain/arm-11/build-arm-none-eabi/host-tools --disable-shared --disable-nls --disable-threads --disable-tls --enable-checking=release --enable-languages=c c++ fortran --with-newlib --with-multilib-list=aprofile rmprofile --with-pkgversion='GNU Toolchain for the Arm Architecture 11.2-2022.02 (arm-11.14)' --with-bugurl=https://bugs.linaro.org/]
  ignore line: [Thread model: single]
  ignore line: [Supported LTO compression algorithms: zlib]
  ignore line: [gcc version 11.2.1 20220111 (GNU Toolchain for the Arm Architecture 11.2-2022.02 (arm-11.14)) ]
  ignore line: [COLLECT_GCC_OPTIONS='-v' '-o' 'CMakeFiles/cmTC_52b91.dir/CMakeCCompilerABI.c.o' '-c' '-mcpu=arm7tdmi' '-mfloat-abi=soft' '-marm' '-mlibarch=armv4t' '-march=armv4t' '-dumpdir' 'CMakeFiles/cmTC_52b91.dir/']
  ignore line: [ /home/bald/embedded/toolchain/gcc-arm-11.2-2022.02-x86_64-arm-none-eabi/bin/../libexec/gcc/arm-none-eabi/11.2.1/cc1 -quiet -v -iprefix /home/bald/embedded/toolchain/gcc-arm-11.2-2022.02-x86_64-arm-none-eabi/bin/../lib/gcc/arm-none-eabi/11.2.1/ -D__USES_INITFINI__ /usr/share/cmake-3.24/Modules/CMakeCCompilerABI.c -quiet -dumpdir CMakeFiles/cmTC_52b91.dir/ -dumpbase CMakeCCompilerABI.c.c -dumpbase-ext .c -mcpu=arm7tdmi -mfloat-abi=soft -marm -mlibarch=armv4t -march=armv4t -version -o /tmp/ccUq0szp.s]
  ignore line: [GNU C17 (GNU Toolchain for the Arm Architecture 11.2-2022.02 (arm-11.14)) version 11.2.1 20220111 (arm-none-eabi)]
  ignore line: [	compiled by GNU C version 4.8.5 20150623 (Red Hat 4.8.5-44)  GMP version 6.2.1  MPFR version 3.1.6  MPC version 1.0.3  isl version isl-0.15-1-g835ea3a-GMP]
  ignore line: []
  ignore line: [GGC heuristics: --param ggc-min-expand=100 --param ggc-min-heapsize=131072]
  ignore line: [ignoring nonexistent directory "/home/bald/embedded/toolchain/gcc-arm-11.2-2022.02-x86_64-arm-none-eabi/bin/../lib/gcc/arm-none-eabi/11.2.1/../../../../arm-none-eabi/sys-include"]
  ignore line: [ignoring duplicate directory "/home/bald/embedded/toolchain/gcc-arm-11.2-2022.02-x86_64-arm-none-eabi/bin/../lib/gcc/../../lib/gcc/arm-none-eabi/11.2.1/include"]
  ignore line: [ignoring duplicate directory "/home/bald/embedded/toolchain/gcc-arm-11.2-2022.02-x86_64-arm-none-eabi/bin/../lib/gcc/../../lib/gcc/arm-none-eabi/11.2.1/include-fixed"]
  ignore line: [ignoring nonexistent directory "/home/bald/embedded/toolchain/gcc-arm-11.2-2022.02-x86_64-arm-none-eabi/bin/../lib/gcc/../../lib/gcc/arm-none-eabi/11.2.1/../../../../arm-none-eabi/sys-include"]
  ignore line: [ignoring duplicate directory "/home/bald/embedded/toolchain/gcc-arm-11.2-2022.02-x86_64-arm-none-eabi/bin/../lib/gcc/../../lib/gcc/arm-none-eabi/11.2.1/../../../../arm-none-eabi/include"]
  ignore line: [#include "..." search starts here:]
  ignore line: [#include <...> search starts here:]
  ignore line: [ /home/bald/embedded/toolchain/gcc-arm-11.2-2022.02-x86_64-arm-none-eabi/bin/../lib/gcc/arm-none-eabi/11.2.1/include]
  ignore line: [ /home/bald/embedded/toolchain/gcc-arm-11.2-2022.02-x86_64-arm-none-eabi/bin/../lib/gcc/arm-none-eabi/11.2.1/include-fixed]
  ignore line: [ /home/bald/embedded/toolchain/gcc-arm-11.2-2022.02-x86_64-arm-none-eabi/bin/../lib/gcc/arm-none-eabi/11.2.1/../../../../arm-none-eabi/include]
  ignore line: [End of search list.]
  ignore line: [GNU C17 (GNU Toolchain for the Arm Architecture 11.2-2022.02 (arm-11.14)) version 11.2.1 20220111 (arm-none-eabi)]
  ignore line: [	compiled by GNU C version 4.8.5 20150623 (Red Hat 4.8.5-44)  GMP version 6.2.1  MPFR version 3.1.6  MPC version 1.0.3  isl version isl-0.15-1-g835ea3a-GMP]
  ignore line: []
  ignore line: [GGC heuristics: --param ggc-min-expand=100 --param ggc-min-heapsize=131072]
  ignore line: [Compiler executable checksum: bbcc971fe1d982fd7c3c6bbfd8b1bd3d]
  ignore line: [COLLECT_GCC_OPTIONS='-v' '-o' 'CMakeFiles/cmTC_52b91.dir/CMakeCCompilerABI.c.o' '-c' '-mcpu=arm7tdmi' '-mfloat-abi=soft' '-marm' '-mlibarch=armv4t' '-march=armv4t' '-dumpdir' 'CMakeFiles/cmTC_52b91.dir/']
  ignore line: [ /home/bald/embedded/toolchain/gcc-arm-11.2-2022.02-x86_64-arm-none-eabi/bin/../lib/gcc/arm-none-eabi/11.2.1/../../../../arm-none-eabi/bin/as -march=armv4t -mfloat-abi=soft -meabi=5 -o CMakeFiles/cmTC_52b91.dir/CMakeCCompilerABI.c.o /tmp/ccUq0szp.s]
  ignore line: [COMPILER_PATH=/home/bald/embedded/toolchain/gcc-arm-11.2-2022.02-x86_64-arm-none-eabi/bin/../libexec/gcc/arm-none-eabi/11.2.1/:/home/bald/embedded/toolchain/gcc-arm-11.2-2022.02-x86_64-arm-none-eabi/bin/../libexec/gcc/:/home/bald/embedded/toolchain/gcc-arm-11.2-2022.02-x86_64-arm-none-eabi/bin/../lib/gcc/arm-none-eabi/11.2.1/../../../../arm-none-eabi/bin/]
  ignore line: [LIBRARY_PATH=/home/bald/embedded/toolchain/gcc-arm-11.2-2022.02-x86_64-arm-none-eabi/bin/../lib/gcc/arm-none-eabi/11.2.1/:/home/bald/embedded/toolchain/gcc-arm-11.2-2022.02-x86_64-arm-none-eabi/bin/../lib/gcc/:/home/bald/embedded/toolchain/gcc-arm-11.2-2022.02-x86_64-arm-none-eabi/bin/../lib/gcc/arm-none-eabi/11.2.1/../../../../arm-none-eabi/lib/]
  ignore line: [COLLECT_GCC_OPTIONS='-v' '-o' 'CMakeFiles/cmTC_52b91.dir/CMakeCCompilerABI.c.o' '-c' '-mcpu=arm7tdmi' '-mfloat-abi=soft' '-marm' '-mlibarch=armv4t' '-march=armv4t' '-dumpdir' 'CMakeFiles/cmTC_52b91.dir/CMakeCCompilerABI.c.']
  ignore line: [Linking C static library libcmTC_52b91.a]
  ignore line: [/usr/bin/cmake -P CMakeFiles/cmTC_52b91.dir/cmake_clean_target.cmake]
  ignore line: [/usr/bin/cmake -E cmake_link_script CMakeFiles/cmTC_52b91.dir/link.txt --verbose=1]
  ignore line: [/home/bald/embedded/toolchain/gcc-arm-11.2-2022.02-x86_64-arm-none-eabi/bin/arm-none-eabi-ar qc libcmTC_52b91.a CMakeFiles/cmTC_52b91.dir/CMakeCCompilerABI.c.o]
  ignore line: [/home/bald/embedded/toolchain/gcc-arm-11.2-2022.02-x86_64-arm-none-eabi/bin/arm-none-eabi-ranlib libcmTC_52b91.a]
  ignore line: [make[1]: Leaving directory '/home/bald/embedded/stm32f103-freertos/build/CMakeFiles/CMakeTmp']
  ignore line: []
  ignore line: []
  implicit libs: []
  implicit objs: []
  implicit dirs: []
  implicit fwks: []


Detecting CXX compiler ABI info compiled with the following output:
Change Dir: /home/bald/embedded/stm32f103-freertos/build/CMakeFiles/CMakeTmp

Run Build Command(s):/usr/bin/make -f Makefile cmTC_8cf20/fast && /usr/bin/make  -f CMakeFiles/cmTC_8cf20.dir/build.make CMakeFiles/cmTC_8cf20.dir/build
make[1]: Entering directory '/home/bald/embedded/stm32f103-freertos/build/CMakeFiles/CMakeTmp'
Building CXX object CMakeFiles/cmTC_8cf20.dir/CMakeCXXCompilerABI.cpp.o
/home/bald/embedded/toolchain/gcc-arm-11.2-2022.02-x86_64-arm-none-eabi/bin/arm-none-eabi-g++   -v -o CMakeFiles/cmTC_8cf20.dir/CMakeCXXCompilerABI.cpp.o -c /usr/share/cmake-3.24/Modules/CMakeCXXCompilerABI.cpp
Using built-in specs.
COLLECT_GCC=/home/bald/embedded/toolchain/gcc-arm-11.2-2022.02-x86_64-arm-none-eabi/bin/arm-none-eabi-g++
Target: arm-none-eabi
Configured with: /data/jenkins/workspace/GNU-toolchain/arm-11/src/gcc/configure --target=arm-none-eabi --prefix=/data/jenkins/workspace/GNU-toolchain/arm-11/build-arm-none-eabi/install// --with-gmp=/data/jenkins/workspace/GNU-toolchain/arm-11/build-arm-none-eabi/host-tools --with-mpfr=/data/jenkins/workspace/GNU-toolchain/arm-11/build-arm-none-eabi/host-tools --with-mpc=/data/jenkins/workspace/GNU-toolchain/arm-11/build-arm-none-eabi/host-tools --with-isl=/data/jenkins/workspace/GNU-toolchain/arm-11/build-arm-none-eabi/host-tools --disable-shared --disable-nls --disable-threads --disable-tls --enable-checking=release --enable-languages=c,c++,fortran --with-newlib --with-multilib-list=aprofile,rmprofile --with-pkgversion='GNU Toolchain for the Arm Architecture 11.2-2022.02 (arm-11.14)' --with-bugurl=https://bugs.linaro.org/
Thread model: single
Supported LTO compression algorithms: zlib
gcc version 11.2.1 20220111 (GNU Toolchain for the Arm Architecture 11.2-2022.02 (arm-11.14)) 
COLLECT_GCC_OPTIONS='-v' '-o' 'CMakeFiles/cmTC_8cf20.dir/CMakeCXXCompilerABI.cpp.o' '-c' '-mcpu=arm7tdmi' '-mfloat-abi=soft' '-marm' '-mlibarch=armv4t' '-march=armv4t' '-dumpdir' 'CMakeFiles/cmTC_8cf20.dir/'
 /home/bald/embedded/toolchain/gcc-arm-11.2-2022.02-x86_64-arm-none-eabi/bin/../libexec/gcc/arm-none-eabi/11.2.1/cc1plus -quiet -v -iprefix /home/bald/embedded/toolchain/gcc-arm-11.2-2022.02-x86_64-arm-none-eabi/bin/../lib/gcc/arm-none-eabi/11.2.1/ -D__USES_INITFINI__ /usr/share/cmake-3.24/Modules/CMakeCXXCompilerABI.cpp -quiet -dumpdir CMakeFiles/cmTC_8cf20.dir/ -dumpbase CMakeCXXCompilerABI.cpp.cpp -dumpbase-ext .cpp -mcpu=arm7tdmi -mfloat-abi=soft -marm -mlibarch=armv4t -march=armv4t -version -o /tmp/cczTox2t.s
GNU C++17 (GNU Toolchain for the Arm Architecture 11.2-2022.02 (arm-11.14)) version 11.2.1 20220111 (arm-none-eabi)
	compiled by GNU C version 4.8.5 20150623 (Red Hat 4.8.5-44), GMP version 6.2.1, MPFR version 3.1.6, MPC version 1.0.3, isl version isl-0.15-1-g835ea3a-GMP

GGC heuristics: --param ggc-min-expand=100 --param ggc-min-heapsize=131072
ignoring nonexistent directory "/home/bald/embedded/toolchain/gcc-arm-11.2-2022.02-x86_64-arm-none-eabi/bin/../lib/gcc/arm-none-eabi/11.2.1/../../../../arm-none-eabi/sys-include"
ignoring duplicate directory "/home/bald/embedded/toolchain/gcc-arm-11.2-2022.02-x86_64-arm-none-eabi/bin/../lib/gcc/../../lib/gcc/arm-none-eabi/11.2.1/../../../../arm-none-eabi/include/c++/11.2.1"
ignoring duplicate directory "/home/bald/embedded/toolchain/gcc-arm-11.2-2022.02-x86_64-arm-none-eabi/bin/../lib/gcc/../../lib/gcc/arm-none-eabi/11.2.1/../../../../arm-none-eabi/include/c++/11.2.1/arm-none-eabi"
ignoring duplicate directory "/home/bald/embedded/toolchain/gcc-arm-11.2-2022.02-x86_64-arm-none-eabi/bin/../lib/gcc/../../lib/gcc/arm-none-eabi/11.2.1/../../../../arm-none-eabi/include/c++/11.2.1/backward"
ignoring duplicate directory "/home/bald/embedded/toolchain/gcc-arm-11.2-2022.02-x86_64-arm-none-eabi/bin/../lib/gcc/../../lib/gcc/arm-none-eabi/11.2.1/include"
ignoring duplicate directory "/home/bald/embedded/toolchain/gcc-arm-11.2-2022.02-x86_64-arm-none-eabi/bin/../lib/gcc/../../lib/gcc/arm-none-eabi/11.2.1/include-fixed"
ignoring nonexistent directory "/home/bald/embedded/toolchain/gcc-arm-11.2-2022.02-x86_64-arm-none-eabi/bin/../lib/gcc/../../lib/gcc/arm-none-eabi/11.2.1/../../../../arm-none-eabi/sys-include"
ignoring duplicate directory "/home/bald/embedded/toolchain/gcc-arm-11.2-2022.02-x86_64-arm-none-eabi/bin/../lib/gcc/../../lib/gcc/arm-none-eabi/11.2.1/../../../../arm-none-eabi/include"
#include "..." search starts here:
#include <...> search starts here:
 /home/bald/embedded/toolchain/gcc-arm-11.2-2022.02-x86_64-arm-none-eabi/bin/../lib/gcc/arm-none-eabi/11.2.1/../../../../arm-none-eabi/include/c++/11.2.1
 /home/bald/embedded/toolchain/gcc-arm-11.2-2022.02-x86_64-arm-none-eabi/bin/../lib/gcc/arm-none-eabi/11.2.1/../../../../arm-none-eabi/include/c++/11.2.1/arm-none-eabi
 /home/bald/embedded/toolchain/gcc-arm-11.2-2022.02-x86_64-arm-none-eabi/bin/../lib/gcc/arm-none-eabi/11.2.1/../../../../arm-none-eabi/include/c++/11.2.1/backward
 /home/bald/embedded/toolchain/gcc-arm-11.2-2022.02-x86_64-arm-none-eabi/bin/../lib/gcc/arm-none-eabi/11.2.1/include
 /home/bald/embedded/toolchain/gcc-arm-11.2-2022.02-x86_64-arm-none-eabi/bin/../lib/gcc/arm-none-eabi/11.2.1/include-fixed
 /home/bald/embedded/toolchain/gcc-arm-11.2-2022.02-x86_64-arm-none-eabi/bin/../lib/gcc/arm-none-eabi/11.2.1/../../../../arm-none-eabi/include
End of search list.
GNU C++17 (GNU Toolchain for the Arm Architecture 11.2-2022.02 (arm-11.14)) version 11.2.1 20220111 (arm-none-eabi)
	compiled by GNU C version 4.8.5 20150623 (Red Hat 4.8.5-44), GMP version 6.2.1, MPFR version 3.1.6, MPC version 1.0.3, isl version isl-0.15-1-g835ea3a-GMP

GGC heuristics: --param ggc-min-expand=100 --param ggc-min-heapsize=131072
Compiler executable checksum: 9ad272ca4cdc7e8f27d55cab27a14a24
COLLECT_GCC_OPTIONS='-v' '-o' 'CMakeFiles/cmTC_8cf20.dir/CMakeCXXCompilerABI.cpp.o' '-c' '-mcpu=arm7tdmi' '-mfloat-abi=soft' '-marm' '-mlibarch=armv4t' '-march=armv4t' '-dumpdir' 'CMakeFiles/cmTC_8cf20.dir/'
 /home/bald/embedded/toolchain/gcc-arm-11.2-2022.02-x86_64-arm-none-eabi/bin/../lib/gcc/arm-none-eabi/11.2.1/../../../../arm-none-eabi/bin/as -march=armv4t -mfloat-abi=soft -meabi=5 -o CMakeFiles/cmTC_8cf20.dir/CMakeCXXCompilerABI.cpp.o /tmp/cczTox2t.s
COMPILER_PATH=/home/bald/embedded/toolchain/gcc-arm-11.2-2022.02-x86_64-arm-none-eabi/bin/../libexec/gcc/arm-none-eabi/11.2.1/:/home/bald/embedded/toolchain/gcc-arm-11.2-2022.02-x86_64-arm-none-eabi/bin/../libexec/gcc/:/home/bald/embedded/toolchain/gcc-arm-11.2-2022.02-x86_64-arm-none-eabi/bin/../lib/gcc/arm-none-eabi/11.2.1/../../../../arm-none-eabi/bin/
LIBRARY_PATH=/home/bald/embedded/toolchain/gcc-arm-11.2-2022.02-x86_64-arm-none-eabi/bin/../lib/gcc/arm-none-eabi/11.2.1/:/home/bald/embedded/toolchain/gcc-arm-11.2-2022.02-x86_64-arm-none-eabi/bin/../lib/gcc/:/home/bald/embedded/toolchain/gcc-arm-11.2-2022.02-x86_64-arm-none-eabi/bin/../lib/gcc/arm-none-eabi/11.2.1/../../../../arm-none-eabi/lib/
COLLECT_GCC_OPTIONS='-v' '-o' 'CMakeFiles/cmTC_8cf20.dir/CMakeCXXCompilerABI.cpp.o' '-c' '-mcpu=arm7tdmi' '-mfloat-abi=soft' '-marm' '-mlibarch=armv4t' '-march=armv4t' '-dumpdir' 'CMakeFiles/cmTC_8cf20.dir/CMakeCXXCompilerABI.cpp.'
Linking CXX static library libcmTC_8cf20.a
/usr/bin/cmake -P CMakeFiles/cmTC_8cf20.dir/cmake_clean_target.cmake
/usr/bin/cmake -E cmake_link_script CMakeFiles/cmTC_8cf20.dir/link.txt --verbose=1
/home/bald/embedded/toolchain/gcc-arm-11.2-2022.02-x86_64-arm-none-eabi/bin/arm-none-eabi-ar qc libcmTC_8cf20.a CMakeFiles/cmTC_8cf20.dir/CMakeCXXCompilerABI.cpp.o
/home/bald/embedded/toolchain/gcc-arm-11.2-2022.02-x86_64-arm-none-eabi/bin/arm-none-eabi-ranlib libcmTC_8cf20.a
make[1]: Leaving directory '/home/bald/embedded/stm32f103-freertos/build/CMakeFiles/CMakeTmp'



Parsed CXX implicit include dir info from above output: rv=done
  found start of include info
  found start of implicit include info
    add: [/home/bald/embedded/toolchain/gcc-arm-11.2-2022.02-x86_64-arm-none-eabi/bin/../lib/gcc/arm-none-eabi/11.2.1/../../../../arm-none-eabi/include/c++/11.2.1]
    add: [/home/bald/embedded/toolchain/gcc-arm-11.2-2022.02-x86_64-arm-none-eabi/bin/../lib/gcc/arm-none-eabi/11.2.1/../../../../arm-none-eabi/include/c++/11.2.1/arm-none-eabi]
    add: [/home/bald/embedded/toolchain/gcc-arm-11.2-2022.02-x86_64-arm-none-eabi/bin/../lib/gcc/arm-none-eabi/11.2.1/../../../../arm-none-eabi/include/c++/11.2.1/backward]
    add: [/home/bald/embedded/toolchain/gcc-arm-11.2-2022.02-x86_64-arm-none-eabi/bin/../lib/gcc/arm-none-eabi/11.2.1/include]
    add: [/home/bald/embedded/toolchain/gcc-arm-11.2-2022.02-x86_64-arm-none-eabi/bin/../lib/gcc/arm-none-eabi/11.2.1/include-fixed]
    add: [/home/bald/embedded/toolchain/gcc-arm-11.2-2022.02-x86_64-arm-none-eabi/bin/../lib/gcc/arm-none-eabi/11.2.1/../../../../arm-none-eabi/include]
  end of search list found
  collapse include dir [/home/bald/embedded/toolchain/gcc-arm-11.2-2022.02-x86_64-arm-none-eabi/bin/../lib/gcc/arm-none-eabi/11.2.1/../../../../arm-none-eabi/include/c++/11.2.1] ==> [/home/bald/embedded/toolchain/gcc-arm-11.2-2022.02-x86_64-arm-none-eabi/arm-none-eabi/include/c++/11.2.1]
  collapse include dir [/home/bald/embedded/toolchain/gcc-arm-11.2-2022.02-x86_64-arm-none-eabi/bin/../lib/gcc/arm-none-eabi/11.2.1/../../../../arm-none-eabi/include/c++/11.2.1/arm-none-eabi] ==> [/home/bald/embedded/toolchain/gcc-arm-11.2-2022.02-x86_64-arm-none-eabi/arm-none-eabi/include/c++/11.2.1/arm-none-eabi]
  collapse include dir [/home/bald/embedded/toolchain/gcc-arm-11.2-2022.02-x86_64-arm-none-eabi/bin/../lib/gcc/arm-none-eabi/11.2.1/../../../../arm-none-eabi/include/c++/11.2.1/backward] ==> [/home/bald/embedded/toolchain/gcc-arm-11.2-2022.02-x86_64-arm-none-eabi/arm-none-eabi/include/c++/11.2.1/backward]
  collapse include dir [/home/bald/embedded/toolchain/gcc-arm-11.2-2022.02-x86_64-arm-none-eabi/bin/../lib/gcc/arm-none-eabi/11.2.1/include] ==> [/home/bald/embedded/toolchain/gcc-arm-11.2-2022.02-x86_64-arm-none-eabi/lib/gcc/arm-none-eabi/11.2.1/include]
  collapse include dir [/home/bald/embedded/toolchain/gcc-arm-11.2-2022.02-x86_64-arm-none-eabi/bin/../lib/gcc/arm-none-eabi/11.2.1/include-fixed] ==> [/home/bald/embedded/toolchain/gcc-arm-11.2-2022.02-x86_64-arm-none-eabi/lib/gcc/arm-none-eabi/11.2.1/include-fixed]
  collapse include dir [/home/bald/embedded/toolchain/gcc-arm-11.2-2022.02-x86_64-arm-none-eabi/bin/../lib/gcc/arm-none-eabi/11.2.1/../../../../arm-none-eabi/include] ==> [/home/bald/embedded/toolchain/gcc-arm-11.2-2022.02-x86_64-arm-none-eabi/arm-none-eabi/include]
  implicit include dirs: [/home/bald/embedded/toolchain/gcc-arm-11.2-2022.02-x86_64-arm-none-eabi/arm-none-eabi/include/c++/11.2.1;/home/bald/embedded/toolchain/gcc-arm-11.2-2022.02-x86_64-arm-none-eabi/arm-none-eabi/include/c++/11.2.1/arm-none-eabi;/home/bald/embedded/toolchain/gcc-arm-11.2-2022.02-x86_64-arm-none-eabi/arm-none-eabi/include/c++/11.2.1/backward;/home/bald/embedded/toolchain/gcc-arm-11.2-2022.02-x86_64-arm-none-eabi/lib/gcc/arm-none-eabi/11.2.1/include;/home/bald/embedded/toolchain/gcc-arm-11.2-2022.02-x86_64-arm-none-eabi/lib/gcc/arm-none-eabi/11.2.1/include-fixed;/home/bald/embedded/toolchain/gcc-arm-11.2-2022.02-x86_64-arm-none-eabi/arm-none-eabi/include]


Parsed CXX implicit link information from above output:
  link line regex: [^( *|.*[/\])(arm-none-eabi-ld|CMAKE_LINK_STARTFILE-NOTFOUND|([^/\]+-)?ld|collect2)[^/\]*( |$)]
  ignore line: [Change Dir: /home/bald/embedded/stm32f103-freertos/build/CMakeFiles/CMakeTmp]
  ignore line: []
  ignore line: [Run Build Command(s):/usr/bin/make -f Makefile cmTC_8cf20/fast && /usr/bin/make  -f CMakeFiles/cmTC_8cf20.dir/build.make CMakeFiles/cmTC_8cf20.dir/build]
  ignore line: [make[1]: Entering directory '/home/bald/embedded/stm32f103-freertos/build/CMakeFiles/CMakeTmp']
  ignore line: [Building CXX object CMakeFiles/cmTC_8cf20.dir/CMakeCXXCompilerABI.cpp.o]
  ignore line: [/home/bald/embedded/toolchain/gcc-arm-11.2-2022.02-x86_64-arm-none-eabi/bin/arm-none-eabi-g++   -v -o CMakeFiles/cmTC_8cf20.dir/CMakeCXXCompilerABI.cpp.o -c /usr/share/cmake-3.24/Modules/CMakeCXXCompilerABI.cpp]
  ignore line: [Using built-in specs.]
  ignore line: [COLLECT_GCC=/home/bald/embedded/toolchain/gcc-arm-11.2-2022.02-x86_64-arm-none-eabi/bin/arm-none-eabi-g++]
  ignore line: [Target: arm-none-eabi]
  ignore line: [Configured with: /data/jenkins/workspace/GNU-toolchain/arm-11/src/gcc/configure --target=arm-none-eabi --prefix=/data/jenkins/workspace/GNU-toolchain/arm-11/build-arm-none-eabi/install// --with-gmp=/data/jenkins/workspace/GNU-toolchain/arm-11/build-arm-none-eabi/host-tools --with-mpfr=/data/jenkins/workspace/GNU-toolchain/arm-11/build-arm-none-eabi/host-tools --with-mpc=/data/jenkins/workspace/GNU-toolchain/arm-11/build-arm-none-eabi/host-tools --with-isl=/data/jenkins/workspace/GNU-toolchain/arm-11/build-arm-none-eabi/host-tools --disable-shared --disable-nls --disable-threads --disable-tls --enable-checking=release --enable-languages=c c++ fortran --with-newlib --with-multilib-list=aprofile rmprofile --with-pkgversion='GNU Toolchain for the Arm Architecture 11.2-2022.02 (arm-11.14)' --with-bugurl=https://bugs.linaro.org/]
  ignore line: [Thread model: single]
  ignore line: [Supported LTO compression algorithms: zlib]
  ignore line: [gcc version 11.2.1 20220111 (GNU Toolchain for the Arm Architecture 11.2-2022.02 (arm-11.14)) ]
  ignore line: [COLLECT_GCC_OPTIONS='-v' '-o' 'CMakeFiles/cmTC_8cf20.dir/CMakeCXXCompilerABI.cpp.o' '-c' '-mcpu=arm7tdmi' '-mfloat-abi=soft' '-marm' '-mlibarch=armv4t' '-march=armv4t' '-dumpdir' 'CMakeFiles/cmTC_8cf20.dir/']
  ignore line: [ /home/bald/embedded/toolchain/gcc-arm-11.2-2022.02-x86_64-arm-none-eabi/bin/../libexec/gcc/arm-none-eabi/11.2.1/cc1plus -quiet -v -iprefix /home/bald/embedded/toolchain/gcc-arm-11.2-2022.02-x86_64-arm-none-eabi/bin/../lib/gcc/arm-none-eabi/11.2.1/ -D__USES_INITFINI__ /usr/share/cmake-3.24/Modules/CMakeCXXCompilerABI.cpp -quiet -dumpdir CMakeFiles/cmTC_8cf20.dir/ -dumpbase CMakeCXXCompilerABI.cpp.cpp -dumpbase-ext .cpp -mcpu=arm7tdmi -mfloat-abi=soft -marm -mlibarch=armv4t -march=armv4t -version -o /tmp/cczTox2t.s]
  ignore line: [GNU C++17 (GNU Toolchain for the Arm Architecture 11.2-2022.02 (arm-11.14)) version 11.2.1 20220111 (arm-none-eabi)]
  ignore line: [	compiled by GNU C version 4.8.5 20150623 (Red Hat 4.8.5-44)  GMP version 6.2.1  MPFR version 3.1.6  MPC version 1.0.3  isl version isl-0.15-1-g835ea3a-GMP]
  ignore line: []
  ignore line: [GGC heuristics: --param ggc-min-expand=100 --param ggc-min-heapsize=131072]
  ignore line: [ignoring nonexistent directory "/home/bald/embedded/toolchain/gcc-arm-11.2-2022.02-x86_64-arm-none-eabi/bin/../lib/gcc/arm-none-eabi/11.2.1/../../../../arm-none-eabi/sys-include"]
  ignore line: [ignoring duplicate directory "/home/bald/embedded/toolchain/gcc-arm-11.2-2022.02-x86_64-arm-none-eabi/bin/../lib/gcc/../../lib/gcc/arm-none-eabi/11.2.1/../../../../arm-none-eabi/include/c++/11.2.1"]
  ignore line: [ignoring duplicate directory "/home/bald/embedded/toolchain/gcc-arm-11.2-2022.02-x86_64-arm-none-eabi/bin/../lib/gcc/../../lib/gcc/arm-none-eabi/11.2.1/../../../../arm-none-eabi/include/c++/11.2.1/arm-none-eabi"]
  ignore line: [ignoring duplicate directory "/home/bald/embedded/toolchain/gcc-arm-11.2-2022.02-x86_64-arm-none-eabi/bin/../lib/gcc/../../lib/gcc/arm-none-eabi/11.2.1/../../../../arm-none-eabi/include/c++/11.2.1/backward"]
  ignore line: [ignoring duplicate directory "/home/bald/embedded/toolchain/gcc-arm-11.2-2022.02-x86_64-arm-none-eabi/bin/../lib/gcc/../../lib/gcc/arm-none-eabi/11.2.1/include"]
  ignore line: [ignoring duplicate directory "/home/bald/embedded/toolchain/gcc-arm-11.2-2022.02-x86_64-arm-none-eabi/bin/../lib/gcc/../../lib/gcc/arm-none-eabi/11.2.1/include-fixed"]
  ignore line: [ignoring nonexistent directory "/home/bald/embedded/toolchain/gcc-arm-11.2-2022.02-x86_64-arm-none-eabi/bin/../lib/gcc/../../lib/gcc/arm-none-eabi/11.2.1/../../../../arm-none-eabi/sys-include"]
  ignore line: [ignoring duplicate directory "/home/bald/embedded/toolchain/gcc-arm-11.2-2022.02-x86_64-arm-none-eabi/bin/../lib/gcc/../../lib/gcc/arm-none-eabi/11.2.1/../../../../arm-none-eabi/include"]
  ignore line: [#include "..." search starts here:]
  ignore line: [#include <...> search starts here:]
  ignore line: [ /home/bald/embedded/toolchain/gcc-arm-11.2-2022.02-x86_64-arm-none-eabi/bin/../lib/gcc/arm-none-eabi/11.2.1/../../../../arm-none-eabi/include/c++/11.2.1]
  ignore line: [ /home/bald/embedded/toolchain/gcc-arm-11.2-2022.02-x86_64-arm-none-eabi/bin/../lib/gcc/arm-none-eabi/11.2.1/../../../../arm-none-eabi/include/c++/11.2.1/arm-none-eabi]
  ignore line: [ /home/bald/embedded/toolchain/gcc-arm-11.2-2022.02-x86_64-arm-none-eabi/bin/../lib/gcc/arm-none-eabi/11.2.1/../../../../arm-none-eabi/include/c++/11.2.1/backward]
  ignore line: [ /home/bald/embedded/toolchain/gcc-arm-11.2-2022.02-x86_64-arm-none-eabi/bin/../lib/gcc/arm-none-eabi/11.2.1/include]
  ignore line: [ /home/bald/embedded/toolchain/gcc-arm-11.2-2022.02-x86_64-arm-none-eabi/bin/../lib/gcc/arm-none-eabi/11.2.1/include-fixed]
  ignore line: [ /home/bald/embedded/toolchain/gcc-arm-11.2-2022.02-x86_64-arm-none-eabi/bin/../lib/gcc/arm-none-eabi/11.2.1/../../../../arm-none-eabi/include]
  ignore line: [End of search list.]
  ignore line: [GNU C++17 (GNU Toolchain for the Arm Architecture 11.2-2022.02 (arm-11.14)) version 11.2.1 20220111 (arm-none-eabi)]
  ignore line: [	compiled by GNU C version 4.8.5 20150623 (Red Hat 4.8.5-44)  GMP version 6.2.1  MPFR version 3.1.6  MPC version 1.0.3  isl version isl-0.15-1-g835ea3a-GMP]
  ignore line: []
  ignore line: [GGC heuristics: --param ggc-min-expand=100 --param ggc-min-heapsize=131072]
  ignore line: [Compiler executable checksum: 9ad272ca4cdc7e8f27d55cab27a14a24]
  ignore line: [COLLECT_GCC_OPTIONS='-v' '-o' 'CMakeFiles/cmTC_8cf20.dir/CMakeCXXCompilerABI.cpp.o' '-c' '-mcpu=arm7tdmi' '-mfloat-abi=soft' '-marm' '-mlibarch=armv4t' '-march=armv4t' '-dumpdir' 'CMakeFiles/cmTC_8cf20.dir/']
  ignore line: [ /home/bald/embedded/toolchain/gcc-arm-11.2-2022.02-x86_64-arm-none-eabi/bin/../lib/gcc/arm-none-eabi/11.2.1/../../../../arm-none-eabi/bin/as -march=armv4t -mfloat-abi=soft -meabi=5 -o CMakeFiles/cmTC_8cf20.dir/CMakeCXXCompilerABI.cpp.o /tmp/cczTox2t.s]
  ignore line: [COMPILER_PATH=/home/bald/embedded/toolchain/gcc-arm-11.2-2022.02-x86_64-arm-none-eabi/bin/../libexec/gcc/arm-none-eabi/11.2.1/:/home/bald/embedded/toolchain/gcc-arm-11.2-2022.02-x86_64-arm-none-eabi/bin/../libexec/gcc/:/home/bald/embedded/toolchain/gcc-arm-11.2-2022.02-x86_64-arm-none-eabi/bin/../lib/gcc/arm-none-eabi/11.2.1/../../../../arm-none-eabi/bin/]
  ignore line: [LIBRARY_PATH=/home/bald/embedded/toolchain/gcc-arm-11.2-2022.02-x86_64-arm-none-eabi/bin/../lib/gcc/arm-none-eabi/11.2.1/:/home/bald/embedded/toolchain/gcc-arm-11.2-2022.02-x86_64-arm-none-eabi/bin/../lib/gcc/:/home/bald/embedded/toolchain/gcc-arm-11.2-2022.02-x86_64-arm-none-eabi/bin/../lib/gcc/arm-none-eabi/11.2.1/../../../../arm-none-eabi/lib/]
  ignore line: [COLLECT_GCC_OPTIONS='-v' '-o' 'CMakeFiles/cmTC_8cf20.dir/CMakeCXXCompilerABI.cpp.o' '-c' '-mcpu=arm7tdmi' '-mfloat-abi=soft' '-marm' '-mlibarch=armv4t' '-march=armv4t' '-dumpdir' 'CMakeFiles/cmTC_8cf20.dir/CMakeCXXCompilerABI.cpp.']
  ignore line: [Linking CXX static library libcmTC_8cf20.a]
  ignore line: [/usr/bin/cmake -P CMakeFiles/cmTC_8cf20.dir/cmake_clean_target.cmake]
  ignore line: [/usr/bin/cmake -E cmake_link_script CMakeFiles/cmTC_8cf20.dir/link.txt --verbose=1]
  ignore line: [/home/bald/embedded/toolchain/gcc-arm-11.2-2022.02-x86_64-arm-none-eabi/bin/arm-none-eabi-ar qc libcmTC_8cf20.a CMakeFiles/cmTC_8cf20.dir/CMakeCXXCompilerABI.cpp.o]
  ignore line: [/home/bald/embedded/toolchain/gcc-arm-11.2-2022.02-x86_64-arm-none-eabi/bin/arm-none-eabi-ranlib libcmTC_8cf20.a]
  ignore line: [make[1]: Leaving directory '/home/bald/embedded/stm32f103-freertos/build/CMakeFiles/CMakeTmp']
  ignore line: []
  ignore line: []
  implicit libs: []
  implicit objs: []
  implicit dirs: []
  implicit fwks: []


Checking whether the ASM compiler is GNU using "--version" matched "(GNU assembler)|(GCC)|(Free Software Foundation)":
arm-none-eabi-gcc (GNU Toolchain for the Arm Architecture 11.2-2022.02 (arm-11.14)) 11.2.1 20220111
Copyright (C) 2021 Free Software Foundation, Inc.
This is free software; see the source for copying conditions.  There is NO
warranty; not even for MERCHANTABILITY or FITNESS FOR A PARTICULAR PURPOSE.

